2023-11-01 15:44:43,764 DEBUG o.t.TestNG [main] suiteXmlPath: "/home/nero/.cache/JetBrains/IdeaIC2023.2/temp-testng-customsuite.xml"
2023-11-01 15:44:43,915 TRACE o.t.i.Graph [main] [Graph] ADDING NODE AbsBaseUiTest.setup()[pri:0, instance:null] 1830309115
2023-11-01 15:44:43,916 TRACE o.t.i.Graph [main] [Graph] ================ SORTING
2023-11-01 15:44:43,919 TRACE o.t.i.Graph [main] [Graph] =============== DONE SORTING
2023-11-01 15:44:43,919 TRACE o.t.i.Graph [main] [Graph] ====== SORTED NODES
2023-11-01 15:44:43,919 TRACE o.t.i.Graph [main] [Graph] ====== END SORTED NODES
2023-11-01 15:44:43,926 TRACE o.t.i.Graph [main] [Graph] ADDING NODE AbsBaseUiTest.initTest()[pri:0, instance:null] 2073846658
2023-11-01 15:44:43,926 TRACE o.t.i.Graph [main] [Graph] ================ SORTING
2023-11-01 15:44:43,927 TRACE o.t.i.Graph [main] [Graph] =============== DONE SORTING
2023-11-01 15:44:43,927 TRACE o.t.i.Graph [main] [Graph] ====== SORTED NODES
2023-11-01 15:44:43,927 TRACE o.t.i.Graph [main] [Graph] ====== END SORTED NODES
2023-11-01 15:44:43,928 TRACE o.t.i.Graph [main] [Graph] ADDING NODE AbsBaseUiTest.teardown()[pri:0, instance:null] -146468668
2023-11-01 15:44:43,928 TRACE o.t.i.Graph [main] [Graph] ================ SORTING
2023-11-01 15:44:43,929 TRACE o.t.i.Graph [main] [Graph] =============== DONE SORTING
2023-11-01 15:44:43,929 TRACE o.t.i.Graph [main] [Graph] ====== SORTED NODES
2023-11-01 15:44:43,930 TRACE o.t.i.Graph [main] [Graph] ====== END SORTED NODES
2023-11-01 15:44:43,932 TRACE o.t.i.Graph [main] [Graph] ADDING NODE AbsBaseUiTest.setup()[pri:0, instance:uitest.UiTest@6f63b475] -1521154342
2023-11-01 15:44:43,933 TRACE o.t.i.Graph [main] [Graph] ================ SORTING
2023-11-01 15:44:43,934 TRACE o.t.i.Graph [main] [Graph] =============== DONE SORTING
2023-11-01 15:44:43,934 TRACE o.t.i.Graph [main] [Graph] ====== SORTED NODES
2023-11-01 15:44:43,934 TRACE o.t.i.Graph [main] [Graph] ====== END SORTED NODES
2023-11-01 15:44:43,938 TRACE o.t.i.Graph [main] [Graph] ADDING NODE UiTest.testMainPage()[pri:0, instance:uitest.UiTest@6f63b475] 789785858
2023-11-01 15:44:43,938 TRACE o.t.i.Graph [main] [Graph] ================ SORTING
2023-11-01 15:44:43,938 TRACE o.t.i.Graph [main] [Graph] =============== DONE SORTING
2023-11-01 15:44:43,938 TRACE o.t.i.Graph [main] [Graph] ====== SORTED NODES
2023-11-01 15:44:43,938 TRACE o.t.i.Graph [main] [Graph] ====== END SORTED NODES
2023-11-01 15:44:43,942 INFO o.t.i.Utils [main] [TestNG] Running:
  /home/nero/.cache/JetBrains/IdeaIC2023.2/temp-testng-customsuite.xml

2023-11-01 15:44:44,000 INFO e.n.c.u.b.WebDriverFactory [main] Starting webDriver..
2023-11-01 15:44:44,020 DEBUG i.g.b.w.WebDriverManager [main] Using WebDriverManager 5.5.3
2023-11-01 15:44:44,303 DEBUG i.g.b.w.c.ResolutionCache [main] Resolution chrome=118 in cache (valid until 16:37:16 01/11/2023 CET)
2023-11-01 15:44:44,304 DEBUG i.g.b.w.c.ResolutionCache [main] Resolution chrome118=118.0.5993.70 in cache (valid until 14:37:00 02/11/2023 CET)
2023-11-01 15:44:44,305 INFO i.g.b.w.WebDriverManager [main] Using chromedriver 118.0.5993.70 (resolved driver for Chrome 118)
2023-11-01 15:44:44,310 TRACE i.g.b.w.c.CacheHandler [main] Checking if chromedriver exists in cache
2023-11-01 15:44:44,321 TRACE i.g.b.w.c.CacheHandler [main] Filter cache by chromedriver -- input list [/home/nero/.cache/selenium/chromedriver/linux64/109.0.5414.74/chromedriver, /home/nero/.cache/selenium/chromedriver/linux64/110.0.5481.77/chromedriver, /home/nero/.cache/selenium/chromedriver/linux64/111.0.5563.64/chromedriver, /home/nero/.cache/selenium/chromedriver/linux64/112.0.5615.49/chromedriver, /home/nero/.cache/selenium/chromedriver/linux64/113.0.5672.63/chromedriver, /home/nero/.cache/selenium/chromedriver/linux64/118.0.5993.70/chromedriver, /home/nero/.cache/selenium/geckodriver/linux64/0.32.0/geckodriver, /home/nero/.cache/selenium/resolution.properties] -- output list [/home/nero/.cache/selenium/chromedriver/linux64/109.0.5414.74/chromedriver, /home/nero/.cache/selenium/chromedriver/linux64/110.0.5481.77/chromedriver, /home/nero/.cache/selenium/chromedriver/linux64/111.0.5563.64/chromedriver, /home/nero/.cache/selenium/chromedriver/linux64/112.0.5615.49/chromedriver, /home/nero/.cache/selenium/chromedriver/linux64/113.0.5672.63/chromedriver, /home/nero/.cache/selenium/chromedriver/linux64/118.0.5993.70/chromedriver] 
2023-11-01 15:44:44,321 TRACE i.g.b.w.c.CacheHandler [main] Filter cache by 118.0.5993.70 -- input list [/home/nero/.cache/selenium/chromedriver/linux64/109.0.5414.74/chromedriver, /home/nero/.cache/selenium/chromedriver/linux64/110.0.5481.77/chromedriver, /home/nero/.cache/selenium/chromedriver/linux64/111.0.5563.64/chromedriver, /home/nero/.cache/selenium/chromedriver/linux64/112.0.5615.49/chromedriver, /home/nero/.cache/selenium/chromedriver/linux64/113.0.5672.63/chromedriver, /home/nero/.cache/selenium/chromedriver/linux64/118.0.5993.70/chromedriver] -- output list [/home/nero/.cache/selenium/chromedriver/linux64/118.0.5993.70/chromedriver] 
2023-11-01 15:44:44,322 TRACE i.g.b.w.c.CacheHandler [main] Filter cache by LINUX -- input list [/home/nero/.cache/selenium/chromedriver/linux64/118.0.5993.70/chromedriver] -- output list [/home/nero/.cache/selenium/chromedriver/linux64/118.0.5993.70/chromedriver] 
2023-11-01 15:44:44,323 DEBUG i.g.b.w.WebDriverManager [main] Driver chromedriver 118.0.5993.70 found in cache
2023-11-01 15:44:44,324 INFO i.g.b.w.WebDriverManager [main] Exporting webdriver.chrome.driver as /home/nero/.cache/selenium/chromedriver/linux64/118.0.5993.70/chromedriver
2023-11-01 15:44:45,679 INFO e.n.c.u.b.WebDriverFactory [main] Web driver started
2023-11-01 15:44:45,798 INFO e.n.c.u.b.WebDriverFactory [main] Try to add listener
2023-11-01 15:44:45,815 INFO e.n.c.u.b.WebDriverFactory [main] Listener registered
2023-11-01 15:44:45,816 INFO e.n.c.u.b.WebDriverFactory [main] Web driver configured
